[0.586s] DEBUG:colcon:Command line arguments: ['/usr/bin/colcon', 'list', '-p', '--base-paths', '/home/robousr/Robotica-2026-1-San-Juan-Flores-Christopher/ros2_ws']
[0.586s] DEBUG:colcon:Parsed command line arguments: Namespace(log_base=None, log_level=None, verb_name='list', build_base='build', ignore_user_meta=False, metas=['./colcon.meta'], base_paths=['/home/robousr/Robotica-2026-1-San-Juan-Flores-Christopher/ros2_ws'], packages_ignore=None, packages_ignore_regex=None, paths=None, packages_up_to=None, packages_up_to_regex=None, packages_above=None, packages_above_and_dependencies=None, packages_above_depth=None, packages_select_by_dep=None, packages_skip_by_dep=None, packages_skip_up_to=None, packages_select_build_failed=False, packages_skip_build_finished=False, packages_select_test_failures=False, packages_skip_test_passed=False, packages_select=None, packages_skip=None, packages_select_regex=None, packages_skip_regex=None, packages_start=None, packages_end=None, allow_overriding=[], topological_order=False, names_only=False, paths_only=True, topological_graph=False, topological_graph_dot=False, topological_graph_density=False, topological_graph_legend=False, topological_graph_dot_cluster=False, topological_graph_dot_include_skipped=False, mixin_files=None, mixin=None, verb_parser=<colcon_mixin.mixin.mixin_argument.MixinArgumentDecorator object at 0x7882fcf8c7c0>, verb_extension=<colcon_package_information.verb.list.ListVerb object at 0x7882fcf57880>, main=<bound method ListVerb.main of <colcon_package_information.verb.list.ListVerb object at 0x7882fcf57880>>, mixin_verb=('list',))
[1.673s] Level 1:colcon.colcon_core.package_discovery:discover_packages(colcon_meta) check parameters
[1.676s] Level 1:colcon.colcon_core.package_discovery:discover_packages(recursive) check parameters
[1.676s] Level 1:colcon.colcon_core.package_discovery:discover_packages(ignore) check parameters
[1.676s] Level 1:colcon.colcon_core.package_discovery:discover_packages(path) check parameters
[1.676s] Level 1:colcon.colcon_core.package_discovery:discover_packages(recursive) discover
[1.676s] INFO:colcon.colcon_core.package_discovery:Crawling recursively for packages in '/home/robousr/Robotica-2026-1-San-Juan-Flores-Christopher/ros2_ws'
[1.677s] Level 1:colcon.colcon_core.package_identification:_identify(/home/robousr/Robotica-2026-1-San-Juan-Flores-Christopher/ros2_ws) by extensions ['ignore', 'ignore_ament_install']
[1.677s] Level 1:colcon.colcon_core.package_identification:_identify(/home/robousr/Robotica-2026-1-San-Juan-Flores-Christopher/ros2_ws) by extension 'ignore'
[1.678s] Level 1:colcon.colcon_core.package_identification:_identify(/home/robousr/Robotica-2026-1-San-Juan-Flores-Christopher/ros2_ws) by extension 'ignore_ament_install'
[1.678s] Level 1:colcon.colcon_core.package_identification:_identify(/home/robousr/Robotica-2026-1-San-Juan-Flores-Christopher/ros2_ws) by extensions ['colcon_pkg']
[1.678s] Level 1:colcon.colcon_core.package_identification:_identify(/home/robousr/Robotica-2026-1-San-Juan-Flores-Christopher/ros2_ws) by extension 'colcon_pkg'
[1.678s] Level 1:colcon.colcon_core.package_identification:_identify(/home/robousr/Robotica-2026-1-San-Juan-Flores-Christopher/ros2_ws) by extensions ['colcon_meta']
[1.678s] Level 1:colcon.colcon_core.package_identification:_identify(/home/robousr/Robotica-2026-1-San-Juan-Flores-Christopher/ros2_ws) by extension 'colcon_meta'
[1.678s] Level 1:colcon.colcon_core.package_identification:_identify(/home/robousr/Robotica-2026-1-San-Juan-Flores-Christopher/ros2_ws) by extensions ['ros']
[1.678s] Level 1:colcon.colcon_core.package_identification:_identify(/home/robousr/Robotica-2026-1-San-Juan-Flores-Christopher/ros2_ws) by extension 'ros'
[1.707s] Level 1:colcon.colcon_core.package_identification:_identify(/home/robousr/Robotica-2026-1-San-Juan-Flores-Christopher/ros2_ws) by extensions ['cmake', 'python']
[1.707s] Level 1:colcon.colcon_core.package_identification:_identify(/home/robousr/Robotica-2026-1-San-Juan-Flores-Christopher/ros2_ws) by extension 'cmake'
[1.708s] Level 1:colcon.colcon_core.package_identification:_identify(/home/robousr/Robotica-2026-1-San-Juan-Flores-Christopher/ros2_ws) by extension 'python'
[1.708s] Level 1:colcon.colcon_core.package_identification:_identify(/home/robousr/Robotica-2026-1-San-Juan-Flores-Christopher/ros2_ws) by extensions ['python_setup_py']
[1.708s] Level 1:colcon.colcon_core.package_identification:_identify(/home/robousr/Robotica-2026-1-San-Juan-Flores-Christopher/ros2_ws) by extension 'python_setup_py'
[1.709s] Level 1:colcon.colcon_core.package_identification:_identify(/home/robousr/Robotica-2026-1-San-Juan-Flores-Christopher/ros2_ws/log) by extensions ['ignore', 'ignore_ament_install']
[1.709s] Level 1:colcon.colcon_core.package_identification:_identify(/home/robousr/Robotica-2026-1-San-Juan-Flores-Christopher/ros2_ws/log) by extension 'ignore'
[1.709s] Level 1:colcon.colcon_core.package_identification:_identify(/home/robousr/Robotica-2026-1-San-Juan-Flores-Christopher/ros2_ws/log) ignored
[1.709s] Level 1:colcon.colcon_core.package_identification:_identify(/home/robousr/Robotica-2026-1-San-Juan-Flores-Christopher/ros2_ws/src) by extensions ['ignore', 'ignore_ament_install']
[1.709s] Level 1:colcon.colcon_core.package_identification:_identify(/home/robousr/Robotica-2026-1-San-Juan-Flores-Christopher/ros2_ws/src) by extension 'ignore'
[1.710s] Level 1:colcon.colcon_core.package_identification:_identify(/home/robousr/Robotica-2026-1-San-Juan-Flores-Christopher/ros2_ws/src) by extension 'ignore_ament_install'
[1.711s] Level 1:colcon.colcon_core.package_identification:_identify(/home/robousr/Robotica-2026-1-San-Juan-Flores-Christopher/ros2_ws/src) by extensions ['colcon_pkg']
[1.711s] Level 1:colcon.colcon_core.package_identification:_identify(/home/robousr/Robotica-2026-1-San-Juan-Flores-Christopher/ros2_ws/src) by extension 'colcon_pkg'
[1.712s] Level 1:colcon.colcon_core.package_identification:_identify(/home/robousr/Robotica-2026-1-San-Juan-Flores-Christopher/ros2_ws/src) by extensions ['colcon_meta']
[1.712s] Level 1:colcon.colcon_core.package_identification:_identify(/home/robousr/Robotica-2026-1-San-Juan-Flores-Christopher/ros2_ws/src) by extension 'colcon_meta'
[1.712s] Level 1:colcon.colcon_core.package_identification:_identify(/home/robousr/Robotica-2026-1-San-Juan-Flores-Christopher/ros2_ws/src) by extensions ['ros']
[1.712s] Level 1:colcon.colcon_core.package_identification:_identify(/home/robousr/Robotica-2026-1-San-Juan-Flores-Christopher/ros2_ws/src) by extension 'ros'
[1.712s] Level 1:colcon.colcon_core.package_identification:_identify(/home/robousr/Robotica-2026-1-San-Juan-Flores-Christopher/ros2_ws/src) by extensions ['cmake', 'python']
[1.712s] Level 1:colcon.colcon_core.package_identification:_identify(/home/robousr/Robotica-2026-1-San-Juan-Flores-Christopher/ros2_ws/src) by extension 'cmake'
[1.712s] Level 1:colcon.colcon_core.package_identification:_identify(/home/robousr/Robotica-2026-1-San-Juan-Flores-Christopher/ros2_ws/src) by extension 'python'
[1.712s] Level 1:colcon.colcon_core.package_identification:_identify(/home/robousr/Robotica-2026-1-San-Juan-Flores-Christopher/ros2_ws/src) by extensions ['python_setup_py']
[1.712s] Level 1:colcon.colcon_core.package_identification:_identify(/home/robousr/Robotica-2026-1-San-Juan-Flores-Christopher/ros2_ws/src) by extension 'python_setup_py'
[1.712s] Level 1:colcon.colcon_core.package_identification:_identify(/home/robousr/Robotica-2026-1-San-Juan-Flores-Christopher/ros2_ws/src/practica_0) by extensions ['ignore', 'ignore_ament_install']
[1.713s] Level 1:colcon.colcon_core.package_identification:_identify(/home/robousr/Robotica-2026-1-San-Juan-Flores-Christopher/ros2_ws/src/practica_0) by extension 'ignore'
[1.713s] Level 1:colcon.colcon_core.package_identification:_identify(/home/robousr/Robotica-2026-1-San-Juan-Flores-Christopher/ros2_ws/src/practica_0) by extension 'ignore_ament_install'
[1.713s] Level 1:colcon.colcon_core.package_identification:_identify(/home/robousr/Robotica-2026-1-San-Juan-Flores-Christopher/ros2_ws/src/practica_0) by extensions ['colcon_pkg']
[1.713s] Level 1:colcon.colcon_core.package_identification:_identify(/home/robousr/Robotica-2026-1-San-Juan-Flores-Christopher/ros2_ws/src/practica_0) by extension 'colcon_pkg'
[1.713s] Level 1:colcon.colcon_core.package_identification:_identify(/home/robousr/Robotica-2026-1-San-Juan-Flores-Christopher/ros2_ws/src/practica_0) by extensions ['colcon_meta']
[1.713s] Level 1:colcon.colcon_core.package_identification:_identify(/home/robousr/Robotica-2026-1-San-Juan-Flores-Christopher/ros2_ws/src/practica_0) by extension 'colcon_meta'
[1.713s] Level 1:colcon.colcon_core.package_identification:_identify(/home/robousr/Robotica-2026-1-San-Juan-Flores-Christopher/ros2_ws/src/practica_0) by extensions ['ros']
[1.713s] Level 1:colcon.colcon_core.package_identification:_identify(/home/robousr/Robotica-2026-1-San-Juan-Flores-Christopher/ros2_ws/src/practica_0) by extension 'ros'
[1.741s] DEBUG:colcon.colcon_core.package_identification:Found ROS schema reference in package manifest in '/home/robousr/Robotica-2026-1-San-Juan-Flores-Christopher/ros2_ws/src/practica_0'
[1.741s] WARNING:colcon.colcon_core.package_identification:Failed to parse ROS package manifest in '/home/robousr/Robotica-2026-1-San-Juan-Flores-Christopher/ros2_ws/src/practica_0': Error(s) in package '/home/robousr/Robotica-2026-1-San-Juan-Flores-Christopher/ros2_ws/src/practica_0/package.xml':
Invalid email "¨christopher.sanjuan.flores@gmail.com¨" for person "robousr"
[1.742s] Level 1:colcon.colcon_core.package_identification:_identify(/home/robousr/Robotica-2026-1-San-Juan-Flores-Christopher/ros2_ws/src/practica_0) by extensions ['cmake', 'python']
[1.743s] Level 1:colcon.colcon_core.package_identification:_identify(/home/robousr/Robotica-2026-1-San-Juan-Flores-Christopher/ros2_ws/src/practica_0) by extension 'cmake'
[1.743s] Level 1:colcon.colcon_core.package_identification:_identify(/home/robousr/Robotica-2026-1-San-Juan-Flores-Christopher/ros2_ws/src/practica_0) by extension 'python'
[1.743s] DEBUG:colcon.colcon_core.package_identification:Python package in '/home/robousr/Robotica-2026-1-San-Juan-Flores-Christopher/ros2_ws/src/practica_0' passes arguments to the setup() function which requires a different identification extension than 'python'
[1.743s] Level 1:colcon.colcon_core.package_identification:_identify(/home/robousr/Robotica-2026-1-San-Juan-Flores-Christopher/ros2_ws/src/practica_0) by extensions ['python_setup_py']
[1.743s] Level 1:colcon.colcon_core.package_identification:_identify(/home/robousr/Robotica-2026-1-San-Juan-Flores-Christopher/ros2_ws/src/practica_0) by extension 'python_setup_py'
[3.531s] DEBUG:colcon.colcon_core.package_identification:Package '/home/robousr/Robotica-2026-1-San-Juan-Flores-Christopher/ros2_ws/src/practica_0' with type 'python' and name 'practica_0'
[3.531s] Level 1:colcon.colcon_core.package_discovery:discover_packages(recursive) using defaults
