running egg_info
writing ../build/nodes_topics_py/practica_0.egg-info/PKG-INFO
writing dependency_links to ../build/nodes_topics_py/practica_0.egg-info/dependency_links.txt
writing entry points to ../build/nodes_topics_py/practica_0.egg-info/entry_points.txt
writing requirements to ../build/nodes_topics_py/practica_0.egg-info/requires.txt
writing top-level names to ../build/nodes_topics_py/practica_0.egg-info/top_level.txt
reading manifest file '../build/nodes_topics_py/practica_0.egg-info/SOURCES.txt'
writing manifest file '../build/nodes_topics_py/practica_0.egg-info/SOURCES.txt'
running build
running build_py
running install
running install_lib
running install_data
running install_egg_info
removing '/home/robousr/Robotica-2026-1-San-Juan-Flores-Christopher/ros2_ws/src/install/nodes_topics_py/lib/python3.10/site-packages/practica_0-0.0.0-py3.10.egg-info' (and everything under it)
Copying ../build/nodes_topics_py/practica_0.egg-info to /home/robousr/Robotica-2026-1-San-Juan-Flores-Christopher/ros2_ws/src/install/nodes_topics_py/lib/python3.10/site-packages/practica_0-0.0.0-py3.10.egg-info
running install_scripts
Installing publish_node script to /home/robousr/Robotica-2026-1-San-Juan-Flores-Christopher/ros2_ws/src/install/nodes_topics_py/lib/practica_0
Installing sub_node script to /home/robousr/Robotica-2026-1-San-Juan-Flores-Christopher/ros2_ws/src/install/nodes_topics_py/lib/practica_0
writing list of installed files to '/home/robousr/Robotica-2026-1-San-Juan-Flores-Christopher/ros2_ws/src/build/nodes_topics_py/install.log'
