[0.946s] Invoking command in '/home/robousr/Robotica-2026-1-San-Juan-Flores-Christopher/ros2_ws/src/practica_0': PYTHONPATH=/home/robousr/Robotica-2026-1-San-Juan-Flores-Christopher/ros2_ws/src/build/nodes_topics_py/prefix_override:/usr/lib/python3/dist-packages/colcon_core/task/python/colcon_distutils_commands:/home/robousr/Robotica-2026-1-San-Juan-Flores-Christopher/ros2_ws/src/install/nodes_topics_py/lib/python3.10/site-packages:${PYTHONPATH} /usr/bin/python3 -W ignore:setup.py install is deprecated -W ignore:easy_install command is deprecated setup.py egg_info --egg-base ../build/nodes_topics_py build --build-base /home/robousr/Robotica-2026-1-San-Juan-Flores-Christopher/ros2_ws/src/build/nodes_topics_py/build install --record /home/robousr/Robotica-2026-1-San-Juan-Flores-Christopher/ros2_ws/src/build/nodes_topics_py/install.log --single-version-externally-managed install_data
[1.551s] running egg_info
[1.551s] writing ../build/nodes_topics_py/practica_0.egg-info/PKG-INFO
[1.552s] writing dependency_links to ../build/nodes_topics_py/practica_0.egg-info/dependency_links.txt
[1.552s] writing entry points to ../build/nodes_topics_py/practica_0.egg-info/entry_points.txt
[1.552s] writing requirements to ../build/nodes_topics_py/practica_0.egg-info/requires.txt
[1.552s] writing top-level names to ../build/nodes_topics_py/practica_0.egg-info/top_level.txt
[1.552s] reading manifest file '../build/nodes_topics_py/practica_0.egg-info/SOURCES.txt'
[1.608s] writing manifest file '../build/nodes_topics_py/practica_0.egg-info/SOURCES.txt'
[1.609s] running build
[1.609s] running build_py
[1.610s] running install
[1.610s] running install_lib
[1.610s] running install_data
[1.613s] running install_egg_info
[1.643s] removing '/home/robousr/Robotica-2026-1-San-Juan-Flores-Christopher/ros2_ws/src/install/nodes_topics_py/lib/python3.10/site-packages/practica_0-0.0.0-py3.10.egg-info' (and everything under it)
[1.644s] Copying ../build/nodes_topics_py/practica_0.egg-info to /home/robousr/Robotica-2026-1-San-Juan-Flores-Christopher/ros2_ws/src/install/nodes_topics_py/lib/python3.10/site-packages/practica_0-0.0.0-py3.10.egg-info
[1.644s] running install_scripts
[1.687s] Installing publish_node script to /home/robousr/Robotica-2026-1-San-Juan-Flores-Christopher/ros2_ws/src/install/nodes_topics_py/lib/practica_0
[1.689s] Installing sub_node script to /home/robousr/Robotica-2026-1-San-Juan-Flores-Christopher/ros2_ws/src/install/nodes_topics_py/lib/practica_0
[1.691s] writing list of installed files to '/home/robousr/Robotica-2026-1-San-Juan-Flores-Christopher/ros2_ws/src/build/nodes_topics_py/install.log'
[1.764s] Invoked command in '/home/robousr/Robotica-2026-1-San-Juan-Flores-Christopher/ros2_ws/src/practica_0' returned '0': PYTHONPATH=/home/robousr/Robotica-2026-1-San-Juan-Flores-Christopher/ros2_ws/src/build/nodes_topics_py/prefix_override:/usr/lib/python3/dist-packages/colcon_core/task/python/colcon_distutils_commands:/home/robousr/Robotica-2026-1-San-Juan-Flores-Christopher/ros2_ws/src/install/nodes_topics_py/lib/python3.10/site-packages:${PYTHONPATH} /usr/bin/python3 -W ignore:setup.py install is deprecated -W ignore:easy_install command is deprecated setup.py egg_info --egg-base ../build/nodes_topics_py build --build-base /home/robousr/Robotica-2026-1-San-Juan-Flores-Christopher/ros2_ws/src/build/nodes_topics_py/build install --record /home/robousr/Robotica-2026-1-San-Juan-Flores-Christopher/ros2_ws/src/build/nodes_topics_py/install.log --single-version-externally-managed install_data
