[0.120s] DEBUG:colcon:Command line arguments: ['/usr/bin/colcon', 'build']
[0.120s] DEBUG:colcon:Parsed command line arguments: Namespace(log_base=None, log_level=None, verb_name='build', build_base='build', install_base='install', merge_install=False, symlink_install=False, test_result_base=None, continue_on_error=False, executor='parallel', parallel_workers=4, event_handlers=None, ignore_user_meta=False, metas=['./colcon.meta'], base_paths=['.'], packages_ignore=None, packages_ignore_regex=None, paths=None, packages_up_to=None, packages_up_to_regex=None, packages_above=None, packages_above_and_dependencies=None, packages_above_depth=None, packages_select_by_dep=None, packages_skip_by_dep=None, packages_skip_up_to=None, packages_select_build_failed=False, packages_skip_build_finished=False, packages_select_test_failures=False, packages_skip_test_passed=False, packages_select=None, packages_skip=None, packages_select_regex=None, packages_skip_regex=None, packages_start=None, packages_end=None, allow_overriding=[], cmake_args=None, cmake_target=None, cmake_target_skip_unavailable=False, cmake_clean_cache=False, cmake_clean_first=False, cmake_force_configure=False, ament_cmake_args=None, catkin_cmake_args=None, catkin_skip_building_tests=False, mixin_files=None, mixin=None, verb_parser=<colcon_mixin.mixin.mixin_argument.MixinArgumentDecorator object at 0x7d0c88573ac0>, verb_extension=<colcon_core.verb.build.BuildVerb object at 0x7d0c885733d0>, main=<bound method BuildVerb.main of <colcon_core.verb.build.BuildVerb object at 0x7d0c885733d0>>, mixin_verb=('build',))
[0.320s] Level 1:colcon.colcon_core.package_discovery:discover_packages(colcon_meta) check parameters
[0.320s] Level 1:colcon.colcon_core.package_discovery:discover_packages(recursive) check parameters
[0.320s] Level 1:colcon.colcon_core.package_discovery:discover_packages(ignore) check parameters
[0.320s] Level 1:colcon.colcon_core.package_discovery:discover_packages(path) check parameters
[0.320s] Level 1:colcon.colcon_core.package_discovery:discover_packages(colcon_meta) discover
[0.320s] Level 1:colcon.colcon_core.package_discovery:discover_packages(recursive) discover
[0.320s] INFO:colcon.colcon_core.package_discovery:Crawling recursively for packages in '/home/robousr/Robotica-2026-1-San-Juan-Flores-Christopher/ros2_ws/src'
[0.321s] Level 1:colcon.colcon_core.package_identification:_identify(.) by extensions ['ignore', 'ignore_ament_install']
[0.321s] Level 1:colcon.colcon_core.package_identification:_identify(.) by extension 'ignore'
[0.321s] Level 1:colcon.colcon_core.package_identification:_identify(.) by extension 'ignore_ament_install'
[0.321s] Level 1:colcon.colcon_core.package_identification:_identify(.) by extensions ['colcon_pkg']
[0.321s] Level 1:colcon.colcon_core.package_identification:_identify(.) by extension 'colcon_pkg'
[0.321s] Level 1:colcon.colcon_core.package_identification:_identify(.) by extensions ['colcon_meta']
[0.321s] Level 1:colcon.colcon_core.package_identification:_identify(.) by extension 'colcon_meta'
[0.321s] Level 1:colcon.colcon_core.package_identification:_identify(.) by extensions ['ros']
[0.321s] Level 1:colcon.colcon_core.package_identification:_identify(.) by extension 'ros'
[0.342s] Level 1:colcon.colcon_core.package_identification:_identify(.) by extensions ['cmake', 'python']
[0.342s] Level 1:colcon.colcon_core.package_identification:_identify(.) by extension 'cmake'
[0.342s] Level 1:colcon.colcon_core.package_identification:_identify(.) by extension 'python'
[0.343s] Level 1:colcon.colcon_core.package_identification:_identify(.) by extensions ['python_setup_py']
[0.343s] Level 1:colcon.colcon_core.package_identification:_identify(.) by extension 'python_setup_py'
[0.343s] Level 1:colcon.colcon_core.package_identification:_identify(build) by extensions ['ignore', 'ignore_ament_install']
[0.343s] Level 1:colcon.colcon_core.package_identification:_identify(build) by extension 'ignore'
[0.343s] Level 1:colcon.colcon_core.package_identification:_identify(build) ignored
[0.343s] Level 1:colcon.colcon_core.package_identification:_identify(install) by extensions ['ignore', 'ignore_ament_install']
[0.343s] Level 1:colcon.colcon_core.package_identification:_identify(install) by extension 'ignore'
[0.343s] Level 1:colcon.colcon_core.package_identification:_identify(install) ignored
[0.343s] Level 1:colcon.colcon_core.package_identification:_identify(log) by extensions ['ignore', 'ignore_ament_install']
[0.343s] Level 1:colcon.colcon_core.package_identification:_identify(log) by extension 'ignore'
[0.343s] Level 1:colcon.colcon_core.package_identification:_identify(log) ignored
[0.343s] Level 1:colcon.colcon_core.package_identification:_identify(practica_0) by extensions ['ignore', 'ignore_ament_install']
[0.344s] Level 1:colcon.colcon_core.package_identification:_identify(practica_0) by extension 'ignore'
[0.344s] Level 1:colcon.colcon_core.package_identification:_identify(practica_0) by extension 'ignore_ament_install'
[0.344s] Level 1:colcon.colcon_core.package_identification:_identify(practica_0) by extensions ['colcon_pkg']
[0.344s] Level 1:colcon.colcon_core.package_identification:_identify(practica_0) by extension 'colcon_pkg'
[0.344s] Level 1:colcon.colcon_core.package_identification:_identify(practica_0) by extensions ['colcon_meta']
[0.344s] Level 1:colcon.colcon_core.package_identification:_identify(practica_0) by extension 'colcon_meta'
[0.344s] Level 1:colcon.colcon_core.package_identification:_identify(practica_0) by extensions ['ros']
[0.344s] Level 1:colcon.colcon_core.package_identification:_identify(practica_0) by extension 'ros'
[0.346s] DEBUG:colcon.colcon_core.package_identification:Package 'practica_0' with type 'ros.ament_python' and name 'nodes_topics_py'
[0.347s] Level 1:colcon.colcon_core.package_discovery:discover_packages(recursive) using defaults
[0.347s] Level 1:colcon.colcon_core.package_discovery:discover_packages(ignore) discover
[0.347s] Level 1:colcon.colcon_core.package_discovery:discover_packages(ignore) using defaults
[0.347s] Level 1:colcon.colcon_core.package_discovery:discover_packages(path) discover
[0.347s] Level 1:colcon.colcon_core.package_discovery:discover_packages(path) using defaults
[0.366s] Level 1:colcon.colcon_core.package_discovery:discover_packages(prefix_path) check parameters
[0.366s] Level 1:colcon.colcon_core.package_discovery:discover_packages(prefix_path) discover
[0.369s] DEBUG:colcon.colcon_installed_package_information.package_discovery:Found 432 installed packages in /opt/ros/humble
[0.372s] Level 1:colcon.colcon_core.package_discovery:discover_packages(prefix_path) using defaults
[0.421s] Level 5:colcon.colcon_core.verb:set package 'nodes_topics_py' build argument 'cmake_args' from command line to 'None'
[0.421s] Level 5:colcon.colcon_core.verb:set package 'nodes_topics_py' build argument 'cmake_target' from command line to 'None'
[0.421s] Level 5:colcon.colcon_core.verb:set package 'nodes_topics_py' build argument 'cmake_target_skip_unavailable' from command line to 'False'
[0.421s] Level 5:colcon.colcon_core.verb:set package 'nodes_topics_py' build argument 'cmake_clean_cache' from command line to 'False'
[0.421s] Level 5:colcon.colcon_core.verb:set package 'nodes_topics_py' build argument 'cmake_clean_first' from command line to 'False'
[0.421s] Level 5:colcon.colcon_core.verb:set package 'nodes_topics_py' build argument 'cmake_force_configure' from command line to 'False'
[0.421s] Level 5:colcon.colcon_core.verb:set package 'nodes_topics_py' build argument 'ament_cmake_args' from command line to 'None'
[0.421s] Level 5:colcon.colcon_core.verb:set package 'nodes_topics_py' build argument 'catkin_cmake_args' from command line to 'None'
[0.421s] Level 5:colcon.colcon_core.verb:set package 'nodes_topics_py' build argument 'catkin_skip_building_tests' from command line to 'False'
[0.421s] DEBUG:colcon.colcon_core.verb:Building package 'nodes_topics_py' with the following arguments: {'ament_cmake_args': None, 'build_base': '/home/robousr/Robotica-2026-1-San-Juan-Flores-Christopher/ros2_ws/src/build/nodes_topics_py', 'catkin_cmake_args': None, 'catkin_skip_building_tests': False, 'cmake_args': None, 'cmake_clean_cache': False, 'cmake_clean_first': False, 'cmake_force_configure': False, 'cmake_target': None, 'cmake_target_skip_unavailable': False, 'install_base': '/home/robousr/Robotica-2026-1-San-Juan-Flores-Christopher/ros2_ws/src/install/nodes_topics_py', 'merge_install': False, 'path': '/home/robousr/Robotica-2026-1-San-Juan-Flores-Christopher/ros2_ws/src/practica_0', 'symlink_install': False, 'test_result_base': None}
[0.422s] INFO:colcon.colcon_core.executor:Executing jobs using 'parallel' executor
[0.423s] DEBUG:colcon.colcon_parallel_executor.executor.parallel:run_until_complete
[0.424s] INFO:colcon.colcon_ros.task.ament_python.build:Building ROS package in '/home/robousr/Robotica-2026-1-San-Juan-Flores-Christopher/ros2_ws/src/practica_0' with build type 'ament_python'
[0.425s] Level 1:colcon.colcon_core.shell:create_environment_hook('nodes_topics_py', 'ament_prefix_path')
[0.427s] INFO:colcon.colcon_core.plugin_system:Skipping extension 'colcon_core.shell.bat': Not used on non-Windows systems
[0.427s] INFO:colcon.colcon_core.shell:Creating environment hook '/home/robousr/Robotica-2026-1-San-Juan-Flores-Christopher/ros2_ws/src/install/nodes_topics_py/share/nodes_topics_py/hook/ament_prefix_path.ps1'
[0.429s] INFO:colcon.colcon_core.shell:Creating environment descriptor '/home/robousr/Robotica-2026-1-San-Juan-Flores-Christopher/ros2_ws/src/install/nodes_topics_py/share/nodes_topics_py/hook/ament_prefix_path.dsv'
[0.430s] INFO:colcon.colcon_core.shell:Creating environment hook '/home/robousr/Robotica-2026-1-San-Juan-Flores-Christopher/ros2_ws/src/install/nodes_topics_py/share/nodes_topics_py/hook/ament_prefix_path.sh'
[0.431s] INFO:colcon.colcon_core.shell:Skip shell extension 'powershell' for command environment: Not usable outside of PowerShell
[0.431s] DEBUG:colcon.colcon_core.shell:Skip shell extension 'dsv' for command environment
[0.785s] WARNING:colcon.colcon_ros.task.ament_python.build:Package 'nodes_topics_py' doesn't explicitly install a marker in the package index (colcon-ros currently does it implicitly but that fallback will be removed in the future)
[0.786s] WARNING:colcon.colcon_ros.task.ament_python.build:Package 'nodes_topics_py' doesn't explicitly install the 'package.xml' file (colcon-ros currently does it implicitly but that fallback will be removed in the future)
[0.787s] INFO:colcon.colcon_core.task.python.build:Building Python package in '/home/robousr/Robotica-2026-1-San-Juan-Flores-Christopher/ros2_ws/src/practica_0'
[0.787s] INFO:colcon.colcon_core.shell:Skip shell extension 'powershell' for command environment: Not usable outside of PowerShell
[0.787s] DEBUG:colcon.colcon_core.shell:Skip shell extension 'dsv' for command environment
[1.371s] DEBUG:colcon.colcon_core.event_handler.log_command:Invoking command in '/home/robousr/Robotica-2026-1-San-Juan-Flores-Christopher/ros2_ws/src/practica_0': PYTHONPATH=/home/robousr/Robotica-2026-1-San-Juan-Flores-Christopher/ros2_ws/src/build/nodes_topics_py/prefix_override:/usr/lib/python3/dist-packages/colcon_core/task/python/colcon_distutils_commands:/home/robousr/Robotica-2026-1-San-Juan-Flores-Christopher/ros2_ws/src/install/nodes_topics_py/lib/python3.10/site-packages:${PYTHONPATH} /usr/bin/python3 -W ignore:setup.py install is deprecated -W ignore:easy_install command is deprecated setup.py egg_info --egg-base ../build/nodes_topics_py build --build-base /home/robousr/Robotica-2026-1-San-Juan-Flores-Christopher/ros2_ws/src/build/nodes_topics_py/build install --record /home/robousr/Robotica-2026-1-San-Juan-Flores-Christopher/ros2_ws/src/build/nodes_topics_py/install.log --single-version-externally-managed install_data
[2.189s] DEBUG:colcon.colcon_core.event_handler.log_command:Invoked command in '/home/robousr/Robotica-2026-1-San-Juan-Flores-Christopher/ros2_ws/src/practica_0' returned '0': PYTHONPATH=/home/robousr/Robotica-2026-1-San-Juan-Flores-Christopher/ros2_ws/src/build/nodes_topics_py/prefix_override:/usr/lib/python3/dist-packages/colcon_core/task/python/colcon_distutils_commands:/home/robousr/Robotica-2026-1-San-Juan-Flores-Christopher/ros2_ws/src/install/nodes_topics_py/lib/python3.10/site-packages:${PYTHONPATH} /usr/bin/python3 -W ignore:setup.py install is deprecated -W ignore:easy_install command is deprecated setup.py egg_info --egg-base ../build/nodes_topics_py build --build-base /home/robousr/Robotica-2026-1-San-Juan-Flores-Christopher/ros2_ws/src/build/nodes_topics_py/build install --record /home/robousr/Robotica-2026-1-San-Juan-Flores-Christopher/ros2_ws/src/build/nodes_topics_py/install.log --single-version-externally-managed install_data
[2.193s] Level 1:colcon.colcon_core.environment:checking '/home/robousr/Robotica-2026-1-San-Juan-Flores-Christopher/ros2_ws/src/install/nodes_topics_py' for CMake module files
[2.193s] Level 1:colcon.colcon_core.environment:checking '/home/robousr/Robotica-2026-1-San-Juan-Flores-Christopher/ros2_ws/src/install/nodes_topics_py' for CMake config files
[2.194s] Level 1:colcon.colcon_core.environment:checking '/home/robousr/Robotica-2026-1-San-Juan-Flores-Christopher/ros2_ws/src/install/nodes_topics_py/lib'
[2.195s] Level 1:colcon.colcon_core.environment:checking '/home/robousr/Robotica-2026-1-San-Juan-Flores-Christopher/ros2_ws/src/install/nodes_topics_py/bin'
[2.196s] Level 1:colcon.colcon_core.environment:checking '/home/robousr/Robotica-2026-1-San-Juan-Flores-Christopher/ros2_ws/src/install/nodes_topics_py/lib/pkgconfig/nodes_topics_py.pc'
[2.196s] Level 1:colcon.colcon_core.environment:checking '/home/robousr/Robotica-2026-1-San-Juan-Flores-Christopher/ros2_ws/src/install/nodes_topics_py/lib/python3.10/site-packages'
[2.197s] Level 1:colcon.colcon_core.shell:create_environment_hook('nodes_topics_py', 'pythonpath')
[2.197s] INFO:colcon.colcon_core.shell:Creating environment hook '/home/robousr/Robotica-2026-1-San-Juan-Flores-Christopher/ros2_ws/src/install/nodes_topics_py/share/nodes_topics_py/hook/pythonpath.ps1'
[2.199s] INFO:colcon.colcon_core.shell:Creating environment descriptor '/home/robousr/Robotica-2026-1-San-Juan-Flores-Christopher/ros2_ws/src/install/nodes_topics_py/share/nodes_topics_py/hook/pythonpath.dsv'
[2.200s] INFO:colcon.colcon_core.shell:Creating environment hook '/home/robousr/Robotica-2026-1-San-Juan-Flores-Christopher/ros2_ws/src/install/nodes_topics_py/share/nodes_topics_py/hook/pythonpath.sh'
[2.201s] Level 1:colcon.colcon_core.environment:checking '/home/robousr/Robotica-2026-1-San-Juan-Flores-Christopher/ros2_ws/src/install/nodes_topics_py/bin'
[2.201s] Level 1:colcon.colcon_core.environment:create_environment_scripts_only(nodes_topics_py)
[2.202s] INFO:colcon.colcon_core.shell:Creating package script '/home/robousr/Robotica-2026-1-San-Juan-Flores-Christopher/ros2_ws/src/install/nodes_topics_py/share/nodes_topics_py/package.ps1'
[2.204s] INFO:colcon.colcon_core.shell:Creating package descriptor '/home/robousr/Robotica-2026-1-San-Juan-Flores-Christopher/ros2_ws/src/install/nodes_topics_py/share/nodes_topics_py/package.dsv'
[2.206s] INFO:colcon.colcon_core.shell:Creating package script '/home/robousr/Robotica-2026-1-San-Juan-Flores-Christopher/ros2_ws/src/install/nodes_topics_py/share/nodes_topics_py/package.sh'
[2.207s] INFO:colcon.colcon_core.shell:Creating package script '/home/robousr/Robotica-2026-1-San-Juan-Flores-Christopher/ros2_ws/src/install/nodes_topics_py/share/nodes_topics_py/package.bash'
[2.209s] INFO:colcon.colcon_core.shell:Creating package script '/home/robousr/Robotica-2026-1-San-Juan-Flores-Christopher/ros2_ws/src/install/nodes_topics_py/share/nodes_topics_py/package.zsh'
[2.212s] Level 1:colcon.colcon_core.environment:create_file_with_runtime_dependencies(/home/robousr/Robotica-2026-1-San-Juan-Flores-Christopher/ros2_ws/src/install/nodes_topics_py/share/colcon-core/packages/nodes_topics_py)
[2.215s] DEBUG:colcon.colcon_parallel_executor.executor.parallel:closing loop
[2.216s] DEBUG:colcon.colcon_parallel_executor.executor.parallel:loop closed
[2.216s] DEBUG:colcon.colcon_parallel_executor.executor.parallel:run_until_complete finished with '0'
[2.216s] DEBUG:colcon.colcon_core.event_reactor:joining thread
[2.227s] INFO:colcon.colcon_core.plugin_system:Skipping extension 'colcon_notification.desktop_notification.terminal_notifier': Not used on non-Darwin systems
[2.228s] INFO:colcon.colcon_core.plugin_system:Skipping extension 'colcon_notification.desktop_notification.win32': Not used on non-Windows systems
[2.228s] INFO:colcon.colcon_notification.desktop_notification:Sending desktop notification using 'notify2'
[2.275s] DEBUG:colcon.colcon_core.event_reactor:joined thread
[2.276s] INFO:colcon.colcon_core.shell:Creating prefix script '/home/robousr/Robotica-2026-1-San-Juan-Flores-Christopher/ros2_ws/src/install/local_setup.ps1'
[2.279s] INFO:colcon.colcon_core.shell:Creating prefix util module '/home/robousr/Robotica-2026-1-San-Juan-Flores-Christopher/ros2_ws/src/install/_local_setup_util_ps1.py'
[2.282s] INFO:colcon.colcon_core.shell:Creating prefix chain script '/home/robousr/Robotica-2026-1-San-Juan-Flores-Christopher/ros2_ws/src/install/setup.ps1'
[2.285s] INFO:colcon.colcon_core.shell:Creating prefix script '/home/robousr/Robotica-2026-1-San-Juan-Flores-Christopher/ros2_ws/src/install/local_setup.sh'
[2.287s] INFO:colcon.colcon_core.shell:Creating prefix util module '/home/robousr/Robotica-2026-1-San-Juan-Flores-Christopher/ros2_ws/src/install/_local_setup_util_sh.py'
[2.289s] INFO:colcon.colcon_core.shell:Creating prefix chain script '/home/robousr/Robotica-2026-1-San-Juan-Flores-Christopher/ros2_ws/src/install/setup.sh'
[2.294s] INFO:colcon.colcon_core.shell:Creating prefix script '/home/robousr/Robotica-2026-1-San-Juan-Flores-Christopher/ros2_ws/src/install/local_setup.bash'
[2.297s] INFO:colcon.colcon_core.shell:Creating prefix chain script '/home/robousr/Robotica-2026-1-San-Juan-Flores-Christopher/ros2_ws/src/install/setup.bash'
[2.300s] INFO:colcon.colcon_core.shell:Creating prefix script '/home/robousr/Robotica-2026-1-San-Juan-Flores-Christopher/ros2_ws/src/install/local_setup.zsh'
[2.303s] INFO:colcon.colcon_core.shell:Creating prefix chain script '/home/robousr/Robotica-2026-1-San-Juan-Flores-Christopher/ros2_ws/src/install/setup.zsh'
